{"D:\\Informacion\\Documentos\\Cursos\\NodeJS\\library\\app.js": {"path":"D:\\Informacion\\Documentos\\Cursos\\NodeJS\\library\\app.js","statementMap":{"0":{"start":{"line":1,"column":16},"end":{"line":1,"column":34}},"1":{"start":{"line":2,"column":19},"end":{"line":2,"column":41}},"2":{"start":{"line":3,"column":18},"end":{"line":3,"column":47}},"3":{"start":{"line":4,"column":24},"end":{"line":4,"column":49}},"4":{"start":{"line":5,"column":15},"end":{"line":5,"column":44}},"5":{"start":{"line":7,"column":12},"end":{"line":7,"column":21}},"6":{"start":{"line":9,"column":0},"end":{"line":9,"column":72}},"7":{"start":{"line":14,"column":0},"end":{"line":14,"column":27}},"8":{"start":{"line":15,"column":0},"end":{"line":15,"column":27}},"9":{"start":{"line":17,"column":0},"end":{"line":17,"column":21}}},"fnMap":{},"branchMap":{},"s":{"0":1,"1":1,"2":1,"3":1,"4":1,"5":1,"6":1,"7":1,"8":1,"9":1},"f":{},"b":{},"_coverageSchema":"1a1c01bbd47fc00a2c39e90264f33305004495a9","hash":"0a10cee4dc5729202fb313adc5620ea3d8df86f1"}
,"D:\\Informacion\\Documentos\\Cursos\\NodeJS\\library\\bin\\models\\Book.js": {"path":"D:\\Informacion\\Documentos\\Cursos\\NodeJS\\library\\bin\\models\\Book.js","statementMap":{"0":{"start":{"line":2,"column":17},"end":{"line":2,"column":35}},"1":{"start":{"line":3,"column":11},"end":{"line":3,"column":24}},"2":{"start":{"line":4,"column":16},"end":{"line":4,"column":18}},"3":{"start":{"line":8,"column":8},"end":{"line":8,"column":27}},"4":{"start":{"line":9,"column":8},"end":{"line":9,"column":27}},"5":{"start":{"line":10,"column":8},"end":{"line":10,"column":25}},"6":{"start":{"line":11,"column":8},"end":{"line":11,"column":25}},"7":{"start":{"line":12,"column":8},"end":{"line":12,"column":29}},"8":{"start":{"line":18,"column":8},"end":{"line":18,"column":20}},"9":{"start":{"line":20,"column":8},"end":{"line":20,"column":29}},"10":{"start":{"line":23,"column":8},"end":{"line":23,"column":21}},"11":{"start":{"line":24,"column":8},"end":{"line":24,"column":28}},"12":{"start":{"line":28,"column":21},"end":{"line":28,"column":57}},"13":{"start":{"line":30,"column":8},"end":{"line":32,"column":9}},"14":{"start":{"line":31,"column":12},"end":{"line":31,"column":75}},"15":{"start":{"line":33,"column":8},"end":{"line":33,"column":25}},"16":{"start":{"line":38,"column":23},"end":{"line":38,"column":46}},"17":{"start":{"line":40,"column":8},"end":{"line":40,"column":35}},"18":{"start":{"line":45,"column":8},"end":{"line":45,"column":20}},"19":{"start":{"line":47,"column":23},"end":{"line":47,"column":62}},"20":{"start":{"line":47,"column":48},"end":{"line":47,"column":61}},"21":{"start":{"line":48,"column":8},"end":{"line":50,"column":9}},"22":{"start":{"line":49,"column":12},"end":{"line":49,"column":47}},"23":{"start":{"line":52,"column":8},"end":{"line":52,"column":24}},"24":{"start":{"line":57,"column":23},"end":{"line":57,"column":46}},"25":{"start":{"line":59,"column":8},"end":{"line":59,"column":38}},"26":{"start":{"line":60,"column":8},"end":{"line":60,"column":21}},"27":{"start":{"line":62,"column":8},"end":{"line":62,"column":30}},"28":{"start":{"line":67,"column":23},"end":{"line":67,"column":46}},"29":{"start":{"line":69,"column":19},"end":{"line":69,"column":36}},"30":{"start":{"line":71,"column":8},"end":{"line":76,"column":11}},"31":{"start":{"line":72,"column":12},"end":{"line":75,"column":13}},"32":{"start":{"line":73,"column":16},"end":{"line":73,"column":49}},"33":{"start":{"line":78,"column":8},"end":{"line":78,"column":21}},"34":{"start":{"line":80,"column":8},"end":{"line":80,"column":31}},"35":{"start":{"line":86,"column":8},"end":{"line":91,"column":11}},"36":{"start":{"line":88,"column":12},"end":{"line":90,"column":13}},"37":{"start":{"line":89,"column":16},"end":{"line":89,"column":50}},"38":{"start":{"line":99,"column":0},"end":{"line":99,"column":22}}},"fnMap":{"0":{"name":"(anonymous_0)","decl":{"start":{"line":7,"column":4},"end":{"line":7,"column":5}},"loc":{"start":{"line":7,"column":50},"end":{"line":13,"column":5}},"line":7},"1":{"name":"(anonymous_1)","decl":{"start":{"line":15,"column":4},"end":{"line":15,"column":5}},"loc":{"start":{"line":15,"column":16},"end":{"line":25,"column":5}},"line":15},"2":{"name":"(anonymous_2)","decl":{"start":{"line":26,"column":4},"end":{"line":26,"column":5}},"loc":{"start":{"line":26,"column":10},"end":{"line":34,"column":5}},"line":26},"3":{"name":"(anonymous_3)","decl":{"start":{"line":36,"column":4},"end":{"line":36,"column":5}},"loc":{"start":{"line":36,"column":19},"end":{"line":41,"column":5}},"line":36},"4":{"name":"(anonymous_4)","decl":{"start":{"line":43,"column":4},"end":{"line":43,"column":5}},"loc":{"start":{"line":43,"column":22},"end":{"line":53,"column":5}},"line":43},"5":{"name":"(anonymous_5)","decl":{"start":{"line":47,"column":43},"end":{"line":47,"column":44}},"loc":{"start":{"line":47,"column":48},"end":{"line":47,"column":61}},"line":47},"6":{"name":"(anonymous_6)","decl":{"start":{"line":55,"column":4},"end":{"line":55,"column":5}},"loc":{"start":{"line":55,"column":16},"end":{"line":63,"column":5}},"line":55},"7":{"name":"(anonymous_7)","decl":{"start":{"line":65,"column":4},"end":{"line":65,"column":5}},"loc":{"start":{"line":65,"column":22},"end":{"line":81,"column":5}},"line":65},"8":{"name":"(anonymous_8)","decl":{"start":{"line":71,"column":21},"end":{"line":71,"column":22}},"loc":{"start":{"line":71,"column":26},"end":{"line":76,"column":9}},"line":71},"9":{"name":"(anonymous_9)","decl":{"start":{"line":83,"column":4},"end":{"line":83,"column":5}},"loc":{"start":{"line":83,"column":11},"end":{"line":92,"column":5}},"line":83},"10":{"name":"(anonymous_10)","decl":{"start":{"line":86,"column":70},"end":{"line":86,"column":71}},"loc":{"start":{"line":86,"column":77},"end":{"line":91,"column":9}},"line":86}},"branchMap":{"0":{"loc":{"start":{"line":30,"column":8},"end":{"line":32,"column":9}},"type":"if","locations":[{"start":{"line":30,"column":8},"end":{"line":32,"column":9}},{"start":{"line":30,"column":8},"end":{"line":32,"column":9}}],"line":30},"1":{"loc":{"start":{"line":48,"column":8},"end":{"line":50,"column":9}},"type":"if","locations":[{"start":{"line":48,"column":8},"end":{"line":50,"column":9}},{"start":{"line":48,"column":8},"end":{"line":50,"column":9}}],"line":48},"2":{"loc":{"start":{"line":72,"column":12},"end":{"line":75,"column":13}},"type":"if","locations":[{"start":{"line":72,"column":12},"end":{"line":75,"column":13}},{"start":{"line":72,"column":12},"end":{"line":75,"column":13}}],"line":72},"3":{"loc":{"start":{"line":88,"column":12},"end":{"line":90,"column":13}},"type":"if","locations":[{"start":{"line":88,"column":12},"end":{"line":90,"column":13}},{"start":{"line":88,"column":12},"end":{"line":90,"column":13}}],"line":88}},"s":{"0":1,"1":1,"2":1,"3":5,"4":5,"5":5,"6":5,"7":5,"8":1,"9":1,"10":1,"11":1,"12":5,"13":5,"14":5,"15":5,"16":1,"17":1,"18":3,"19":3,"20":12,"21":3,"22":0,"23":3,"24":1,"25":1,"26":1,"27":1,"28":1,"29":1,"30":1,"31":5,"32":2,"33":1,"34":1,"35":3,"36":2,"37":0,"38":1},"f":{"0":5,"1":1,"2":5,"3":1,"4":3,"5":12,"6":1,"7":1,"8":5,"9":3,"10":2},"b":{"0":[5,0],"1":[0,3],"2":[2,3],"3":[0,2]},"_coverageSchema":"1a1c01bbd47fc00a2c39e90264f33305004495a9","hash":"60d022ab7434daec2c4efe9ff6941369fa7b58dd"}
,"D:\\Informacion\\Documentos\\Cursos\\NodeJS\\library\\bin\\routes\\books.js": {"path":"D:\\Informacion\\Documentos\\Cursos\\NodeJS\\library\\bin\\routes\\books.js","statementMap":{"0":{"start":{"line":1,"column":16},"end":{"line":1,"column":34}},"1":{"start":{"line":2,"column":13},"end":{"line":2,"column":38}},"2":{"start":{"line":3,"column":12},"end":{"line":3,"column":21}},"3":{"start":{"line":5,"column":0},"end":{"line":7,"column":3}},"4":{"start":{"line":6,"column":4},"end":{"line":6,"column":22}},"5":{"start":{"line":9,"column":0},"end":{"line":18,"column":3}},"6":{"start":{"line":12,"column":47},"end":{"line":12,"column":55}},"7":{"start":{"line":15,"column":15},"end":{"line":15,"column":57}},"8":{"start":{"line":16,"column":18},"end":{"line":16,"column":35}},"9":{"start":{"line":17,"column":4},"end":{"line":17,"column":49}},"10":{"start":{"line":21,"column":0},"end":{"line":25,"column":3}},"11":{"start":{"line":22,"column":15},"end":{"line":22,"column":25}},"12":{"start":{"line":23,"column":20},"end":{"line":23,"column":31}},"13":{"start":{"line":24,"column":4},"end":{"line":24,"column":52}},"14":{"start":{"line":27,"column":0},"end":{"line":32,"column":3}},"15":{"start":{"line":28,"column":15},"end":{"line":28,"column":30}},"16":{"start":{"line":29,"column":15},"end":{"line":29,"column":25}},"17":{"start":{"line":30,"column":21},"end":{"line":30,"column":40}},"18":{"start":{"line":31,"column":4},"end":{"line":31,"column":49}},"19":{"start":{"line":34,"column":0},"end":{"line":40,"column":3}},"20":{"start":{"line":35,"column":15},"end":{"line":35,"column":30}},"21":{"start":{"line":36,"column":15},"end":{"line":36,"column":25}},"22":{"start":{"line":37,"column":18},"end":{"line":37,"column":35}},"23":{"start":{"line":38,"column":4},"end":{"line":38,"column":40}},"24":{"start":{"line":42,"column":0},"end":{"line":50,"column":3}},"25":{"start":{"line":43,"column":39},"end":{"line":43,"column":47}},"26":{"start":{"line":44,"column":15},"end":{"line":44,"column":30}},"27":{"start":{"line":45,"column":15},"end":{"line":45,"column":58}},"28":{"start":{"line":46,"column":18},"end":{"line":46,"column":41}},"29":{"start":{"line":48,"column":4},"end":{"line":48,"column":38}},"30":{"start":{"line":52,"column":0},"end":{"line":52,"column":21}}},"fnMap":{"0":{"name":"(anonymous_0)","decl":{"start":{"line":5,"column":13},"end":{"line":5,"column":14}},"loc":{"start":{"line":5,"column":27},"end":{"line":7,"column":1}},"line":5},"1":{"name":"(anonymous_1)","decl":{"start":{"line":9,"column":25},"end":{"line":9,"column":26}},"loc":{"start":{"line":9,"column":39},"end":{"line":18,"column":1}},"line":9},"2":{"name":"(anonymous_2)","decl":{"start":{"line":21,"column":22},"end":{"line":21,"column":23}},"loc":{"start":{"line":21,"column":36},"end":{"line":25,"column":1}},"line":21},"3":{"name":"(anonymous_3)","decl":{"start":{"line":27,"column":23},"end":{"line":27,"column":24}},"loc":{"start":{"line":27,"column":37},"end":{"line":32,"column":1}},"line":27},"4":{"name":"(anonymous_4)","decl":{"start":{"line":34,"column":33},"end":{"line":34,"column":34}},"loc":{"start":{"line":34,"column":47},"end":{"line":40,"column":1}},"line":34},"5":{"name":"(anonymous_5)","decl":{"start":{"line":42,"column":29},"end":{"line":42,"column":30}},"loc":{"start":{"line":42,"column":41},"end":{"line":50,"column":1}},"line":42}},"branchMap":{},"s":{"0":1,"1":1,"2":1,"3":1,"4":0,"5":1,"6":1,"7":1,"8":1,"9":1,"10":1,"11":1,"12":1,"13":1,"14":1,"15":1,"16":1,"17":1,"18":1,"19":1,"20":1,"21":1,"22":1,"23":1,"24":1,"25":1,"26":1,"27":1,"28":1,"29":1,"30":1},"f":{"0":0,"1":1,"2":1,"3":1,"4":1,"5":1},"b":{},"_coverageSchema":"1a1c01bbd47fc00a2c39e90264f33305004495a9","hash":"357cc54f404bd71387198664f6140b0f6245e73b"}
}
