TN:
SF:app.js
FNF:0
FNH:0
DA:1,1
DA:2,1
DA:3,1
DA:4,1
DA:5,1
DA:7,1
DA:9,1
DA:14,1
DA:15,1
DA:17,1
LF:10
LH:10
BRF:0
BRH:0
end_of_record
TN:
SF:bin\models\Book.js
FN:7,(anonymous_0)
FN:15,(anonymous_1)
FN:26,(anonymous_2)
FN:36,(anonymous_3)
FN:43,(anonymous_4)
FN:47,(anonymous_5)
FN:55,(anonymous_6)
FN:65,(anonymous_7)
FN:71,(anonymous_8)
FN:83,(anonymous_9)
FN:86,(anonymous_10)
FNF:11
FNH:11
FNDA:5,(anonymous_0)
FNDA:1,(anonymous_1)
FNDA:5,(anonymous_2)
FNDA:1,(anonymous_3)
FNDA:3,(anonymous_4)
FNDA:12,(anonymous_5)
FNDA:1,(anonymous_6)
FNDA:1,(anonymous_7)
FNDA:5,(anonymous_8)
FNDA:3,(anonymous_9)
FNDA:2,(anonymous_10)
DA:2,1
DA:3,1
DA:4,1
DA:8,5
DA:9,5
DA:10,5
DA:11,5
DA:12,5
DA:18,1
DA:20,1
DA:23,1
DA:24,1
DA:28,5
DA:30,5
DA:31,5
DA:33,5
DA:38,1
DA:40,1
DA:45,3
DA:47,12
DA:48,3
DA:49,0
DA:52,3
DA:57,1
DA:59,1
DA:60,1
DA:62,1
DA:67,1
DA:69,1
DA:71,1
DA:72,5
DA:73,2
DA:78,1
DA:80,1
DA:86,3
DA:88,2
DA:89,0
DA:99,1
LF:38
LH:36
BRDA:30,0,0,5
BRDA:30,0,1,0
BRDA:48,1,0,0
BRDA:48,1,1,3
BRDA:72,2,0,2
BRDA:72,2,1,3
BRDA:88,3,0,0
BRDA:88,3,1,2
BRF:8
BRH:5
end_of_record
TN:
SF:bin\routes\books.js
FN:5,(anonymous_0)
FN:9,(anonymous_1)
FN:21,(anonymous_2)
FN:27,(anonymous_3)
FN:34,(anonymous_4)
FN:42,(anonymous_5)
FNF:6
FNH:5
FNDA:0,(anonymous_0)
FNDA:1,(anonymous_1)
FNDA:1,(anonymous_2)
FNDA:1,(anonymous_3)
FNDA:1,(anonymous_4)
FNDA:1,(anonymous_5)
DA:1,1
DA:2,1
DA:3,1
DA:5,1
DA:6,0
DA:9,1
DA:12,1
DA:15,1
DA:16,1
DA:17,1
DA:21,1
DA:22,1
DA:23,1
DA:24,1
DA:27,1
DA:28,1
DA:29,1
DA:30,1
DA:31,1
DA:34,1
DA:35,1
DA:36,1
DA:37,1
DA:38,1
DA:42,1
DA:43,1
DA:44,1
DA:45,1
DA:46,1
DA:48,1
DA:52,1
LF:31
LH:30
BRF:0
BRH:0
end_of_record
